C:\USERS\HCHO\DESKTOP\VS2012\实习作业\MAPSYSTEM\SPATIAL ANALYSIS\SPATIAL ANALYSIS\DEBUG\SPATIAL ANALYSIS.PCH
C:\USERS\HCHO\DESKTOP\VS2012\实习作业\MAPSYSTEM\SPATIAL ANALYSIS\SPATIAL ANALYSIS\DEBUG\STDAFX.OBJ
C:\USERS\HCHO\DESKTOP\VS2012\实习作业\MAPSYSTEM\SPATIAL ANALYSIS\SPATIAL ANALYSIS\DEBUG\VC110.PDB
C:\USERS\HCHO\DESKTOP\VS2012\实习作业\MAPSYSTEM\SPATIAL ANALYSIS\SPATIAL ANALYSIS\DEBUG\CHILDFRM.OBJ
C:\USERS\HCHO\DESKTOP\VS2012\实习作业\MAPSYSTEM\SPATIAL ANALYSIS\SPATIAL ANALYSIS\DEBUG\CLASSVIEW.OBJ
C:\USERS\HCHO\DESKTOP\VS2012\实习作业\MAPSYSTEM\SPATIAL ANALYSIS\SPATIAL ANALYSIS\DEBUG\FILEVIEW.OBJ
C:\USERS\HCHO\DESKTOP\VS2012\实习作业\MAPSYSTEM\SPATIAL ANALYSIS\SPATIAL ANALYSIS\DEBUG\MAINFRM.OBJ
C:\USERS\HCHO\DESKTOP\VS2012\实习作业\MAPSYSTEM\SPATIAL ANALYSIS\SPATIAL ANALYSIS\DEBUG\OUTPUTWND.OBJ
C:\USERS\HCHO\DESKTOP\VS2012\实习作业\MAPSYSTEM\SPATIAL ANALYSIS\SPATIAL ANALYSIS\DEBUG\PROPERTIESWND.OBJ
C:\USERS\HCHO\DESKTOP\VS2012\实习作业\MAPSYSTEM\SPATIAL ANALYSIS\SPATIAL ANALYSIS\DEBUG\SPATIAL ANALYSIS.OBJ
C:\USERS\HCHO\DESKTOP\VS2012\实习作业\MAPSYSTEM\SPATIAL ANALYSIS\SPATIAL ANALYSIS\DEBUG\SPATIAL ANALYSISDOC.OBJ
C:\USERS\HCHO\DESKTOP\VS2012\实习作业\MAPSYSTEM\SPATIAL ANALYSIS\SPATIAL ANALYSIS\DEBUG\SPATIAL ANALYSISVIEW.OBJ
C:\USERS\HCHO\DESKTOP\VS2012\实习作业\MAPSYSTEM\SPATIAL ANALYSIS\SPATIAL ANALYSIS\DEBUG\VIEWTREE.OBJ
C:\USERS\HCHO\DESKTOP\VS2012\实习作业\MAPSYSTEM\SPATIAL ANALYSIS\SPATIAL ANALYSIS\DEBUG\TIN.OBJ
C:\USERS\HCHO\DESKTOP\VS2012\实习作业\MAPSYSTEM\SPATIAL ANALYSIS\DEBUG\SPATIAL ANALYSIS.ILK
C:\USERS\HCHO\DESKTOP\VS2012\实习作业\MAPSYSTEM\SPATIAL ANALYSIS\DEBUG\SPATIAL ANALYSIS.EXE
C:\USERS\HCHO\DESKTOP\VS2012\实习作业\MAPSYSTEM\SPATIAL ANALYSIS\DEBUG\SPATIAL ANALYSIS.PDB
C:\USERS\HCHO\DESKTOP\VS2012\实习作业\MAPSYSTEM\SPATIAL ANALYSIS\SPATIAL ANALYSIS\DEBUG\SPATIAL ANALYSIS.RES
C:\Users\HCHO\Desktop\VS2012\实习作业\MapSystem\spatial analysis\spatial analysis\Debug\ChildFrm.obj
C:\Users\HCHO\Desktop\VS2012\实习作业\MapSystem\spatial analysis\spatial analysis\Debug\ClassView.obj
C:\Users\HCHO\Desktop\VS2012\实习作业\MapSystem\spatial analysis\spatial analysis\Debug\FileView.obj
C:\Users\HCHO\Desktop\VS2012\实习作业\MapSystem\spatial analysis\spatial analysis\Debug\MainFrm.obj
C:\Users\HCHO\Desktop\VS2012\实习作业\MapSystem\spatial analysis\spatial analysis\Debug\OutputWnd.obj
C:\Users\HCHO\Desktop\VS2012\实习作业\MapSystem\spatial analysis\spatial analysis\Debug\PropertiesWnd.obj
C:\Users\HCHO\Desktop\VS2012\实习作业\MapSystem\spatial analysis\spatial analysis\Debug\spatial analysis.obj
C:\Users\HCHO\Desktop\VS2012\实习作业\MapSystem\spatial analysis\spatial analysis\Debug\spatial analysisDoc.obj
C:\Users\HCHO\Desktop\VS2012\实习作业\MapSystem\spatial analysis\spatial analysis\Debug\spatial analysisView.obj
C:\Users\HCHO\Desktop\VS2012\实习作业\MapSystem\spatial analysis\spatial analysis\Debug\stdafx.obj
C:\Users\HCHO\Desktop\VS2012\实习作业\MapSystem\spatial analysis\spatial analysis\Debug\ViewTree.obj
C:\Users\HCHO\Desktop\VS2012\实习作业\MapSystem\spatial analysis\spatial analysis\Debug\cl.command.1.tlog
C:\Users\HCHO\Desktop\VS2012\实习作业\MapSystem\spatial analysis\spatial analysis\Debug\CL.read.1.tlog
C:\Users\HCHO\Desktop\VS2012\实习作业\MapSystem\spatial analysis\spatial analysis\Debug\CL.write.1.tlog
C:\Users\HCHO\Desktop\VS2012\实习作业\MapSystem\spatial analysis\spatial analysis\Debug\link-cvtres.read.1.tlog
C:\Users\HCHO\Desktop\VS2012\实习作业\MapSystem\spatial analysis\spatial analysis\Debug\link-cvtres.write.1.tlog
C:\Users\HCHO\Desktop\VS2012\实习作业\MapSystem\spatial analysis\spatial analysis\Debug\link-mt.read.1.tlog
C:\Users\HCHO\Desktop\VS2012\实习作业\MapSystem\spatial analysis\spatial analysis\Debug\link-mt.write.1.tlog
C:\Users\HCHO\Desktop\VS2012\实习作业\MapSystem\spatial analysis\spatial analysis\Debug\link-rc.read.1.tlog
C:\Users\HCHO\Desktop\VS2012\实习作业\MapSystem\spatial analysis\spatial analysis\Debug\link-rc.write.1.tlog
C:\Users\HCHO\Desktop\VS2012\实习作业\MapSystem\spatial analysis\spatial analysis\Debug\link.10060-cvtres.read.1.tlog
C:\Users\HCHO\Desktop\VS2012\实习作业\MapSystem\spatial analysis\spatial analysis\Debug\link.10060-cvtres.write.1.tlog
C:\Users\HCHO\Desktop\VS2012\实习作业\MapSystem\spatial analysis\spatial analysis\Debug\link.10060-mt.read.1.tlog
C:\Users\HCHO\Desktop\VS2012\实习作业\MapSystem\spatial analysis\spatial analysis\Debug\link.10060-mt.write.1.tlog
C:\Users\HCHO\Desktop\VS2012\实习作业\MapSystem\spatial analysis\spatial analysis\Debug\link.10060-rc.read.1.tlog
C:\Users\HCHO\Desktop\VS2012\实习作业\MapSystem\spatial analysis\spatial analysis\Debug\link.10060-rc.write.1.tlog
C:\Users\HCHO\Desktop\VS2012\实习作业\MapSystem\spatial analysis\spatial analysis\Debug\link.10060.read.1.tlog
C:\Users\HCHO\Desktop\VS2012\实习作业\MapSystem\spatial analysis\spatial analysis\Debug\link.10060.write.1.tlog
C:\Users\HCHO\Desktop\VS2012\实习作业\MapSystem\spatial analysis\spatial analysis\Debug\link.10296-cvtres.read.1.tlog
C:\Users\HCHO\Desktop\VS2012\实习作业\MapSystem\spatial analysis\spatial analysis\Debug\link.10296-cvtres.write.1.tlog
C:\Users\HCHO\Desktop\VS2012\实习作业\MapSystem\spatial analysis\spatial analysis\Debug\link.10296-mt.read.1.tlog
C:\Users\HCHO\Desktop\VS2012\实习作业\MapSystem\spatial analysis\spatial analysis\Debug\link.10296-mt.write.1.tlog
C:\Users\HCHO\Desktop\VS2012\实习作业\MapSystem\spatial analysis\spatial analysis\Debug\link.10296-rc.read.1.tlog
C:\Users\HCHO\Desktop\VS2012\实习作业\MapSystem\spatial analysis\spatial analysis\Debug\link.10296-rc.write.1.tlog
C:\Users\HCHO\Desktop\VS2012\实习作业\MapSystem\spatial analysis\spatial analysis\Debug\link.10296.read.1.tlog
C:\Users\HCHO\Desktop\VS2012\实习作业\MapSystem\spatial analysis\spatial analysis\Debug\link.10296.write.1.tlog
C:\Users\HCHO\Desktop\VS2012\实习作业\MapSystem\spatial analysis\spatial analysis\Debug\link.10500-cvtres.read.1.tlog
C:\Users\HCHO\Desktop\VS2012\实习作业\MapSystem\spatial analysis\spatial analysis\Debug\link.10500-cvtres.write.1.tlog
C:\Users\HCHO\Desktop\VS2012\实习作业\MapSystem\spatial analysis\spatial analysis\Debug\link.10500-mt.read.1.tlog
C:\Users\HCHO\Desktop\VS2012\实习作业\MapSystem\spatial analysis\spatial analysis\Debug\link.10500-mt.write.1.tlog
C:\Users\HCHO\Desktop\VS2012\实习作业\MapSystem\spatial analysis\spatial analysis\Debug\link.10500-rc.read.1.tlog
C:\Users\HCHO\Desktop\VS2012\实习作业\MapSystem\spatial analysis\spatial analysis\Debug\link.10500-rc.write.1.tlog
C:\Users\HCHO\Desktop\VS2012\实习作业\MapSystem\spatial analysis\spatial analysis\Debug\link.10500.read.1.tlog
C:\Users\HCHO\Desktop\VS2012\实习作业\MapSystem\spatial analysis\spatial analysis\Debug\link.10500.write.1.tlog
C:\Users\HCHO\Desktop\VS2012\实习作业\MapSystem\spatial analysis\spatial analysis\Debug\link.10628-cvtres.read.1.tlog
C:\Users\HCHO\Desktop\VS2012\实习作业\MapSystem\spatial analysis\spatial analysis\Debug\link.10628-cvtres.write.1.tlog
C:\Users\HCHO\Desktop\VS2012\实习作业\MapSystem\spatial analysis\spatial analysis\Debug\link.10628-mt.read.1.tlog
C:\Users\HCHO\Desktop\VS2012\实习作业\MapSystem\spatial analysis\spatial analysis\Debug\link.10628-mt.write.1.tlog
C:\Users\HCHO\Desktop\VS2012\实习作业\MapSystem\spatial analysis\spatial analysis\Debug\link.10628-rc.read.1.tlog
C:\Users\HCHO\Desktop\VS2012\实习作业\MapSystem\spatial analysis\spatial analysis\Debug\link.10628-rc.write.1.tlog
C:\Users\HCHO\Desktop\VS2012\实习作业\MapSystem\spatial analysis\spatial analysis\Debug\link.10628.read.1.tlog
C:\Users\HCHO\Desktop\VS2012\实习作业\MapSystem\spatial analysis\spatial analysis\Debug\link.10628.write.1.tlog
C:\Users\HCHO\Desktop\VS2012\实习作业\MapSystem\spatial analysis\spatial analysis\Debug\link.11088-cvtres.read.1.tlog
C:\Users\HCHO\Desktop\VS2012\实习作业\MapSystem\spatial analysis\spatial analysis\Debug\link.11088-cvtres.write.1.tlog
C:\Users\HCHO\Desktop\VS2012\实习作业\MapSystem\spatial analysis\spatial analysis\Debug\link.11088-mt.read.1.tlog
C:\Users\HCHO\Desktop\VS2012\实习作业\MapSystem\spatial analysis\spatial analysis\Debug\link.11088-mt.write.1.tlog
C:\Users\HCHO\Desktop\VS2012\实习作业\MapSystem\spatial analysis\spatial analysis\Debug\link.11088-rc.read.1.tlog
C:\Users\HCHO\Desktop\VS2012\实习作业\MapSystem\spatial analysis\spatial analysis\Debug\link.11088-rc.write.1.tlog
C:\Users\HCHO\Desktop\VS2012\实习作业\MapSystem\spatial analysis\spatial analysis\Debug\link.11088.read.1.tlog
C:\Users\HCHO\Desktop\VS2012\实习作业\MapSystem\spatial analysis\spatial analysis\Debug\link.11088.write.1.tlog
C:\Users\HCHO\Desktop\VS2012\实习作业\MapSystem\spatial analysis\spatial analysis\Debug\link.11976-cvtres.read.1.tlog
C:\Users\HCHO\Desktop\VS2012\实习作业\MapSystem\spatial analysis\spatial analysis\Debug\link.11976-cvtres.write.1.tlog
C:\Users\HCHO\Desktop\VS2012\实习作业\MapSystem\spatial analysis\spatial analysis\Debug\link.11976-mt.read.1.tlog
C:\Users\HCHO\Desktop\VS2012\实习作业\MapSystem\spatial analysis\spatial analysis\Debug\link.11976-mt.write.1.tlog
C:\Users\HCHO\Desktop\VS2012\实习作业\MapSystem\spatial analysis\spatial analysis\Debug\link.11976-rc.read.1.tlog
C:\Users\HCHO\Desktop\VS2012\实习作业\MapSystem\spatial analysis\spatial analysis\Debug\link.11976-rc.write.1.tlog
C:\Users\HCHO\Desktop\VS2012\实习作业\MapSystem\spatial analysis\spatial analysis\Debug\link.11976.read.1.tlog
C:\Users\HCHO\Desktop\VS2012\实习作业\MapSystem\spatial analysis\spatial analysis\Debug\link.11976.write.1.tlog
C:\Users\HCHO\Desktop\VS2012\实习作业\MapSystem\spatial analysis\spatial analysis\Debug\link.1232-cvtres.read.1.tlog
C:\Users\HCHO\Desktop\VS2012\实习作业\MapSystem\spatial analysis\spatial analysis\Debug\link.1232-cvtres.write.1.tlog
C:\Users\HCHO\Desktop\VS2012\实习作业\MapSystem\spatial analysis\spatial analysis\Debug\link.1232-mt.read.1.tlog
C:\Users\HCHO\Desktop\VS2012\实习作业\MapSystem\spatial analysis\spatial analysis\Debug\link.1232-mt.write.1.tlog
C:\Users\HCHO\Desktop\VS2012\实习作业\MapSystem\spatial analysis\spatial analysis\Debug\link.1232-rc.read.1.tlog
C:\Users\HCHO\Desktop\VS2012\实习作业\MapSystem\spatial analysis\spatial analysis\Debug\link.1232-rc.write.1.tlog
C:\Users\HCHO\Desktop\VS2012\实习作业\MapSystem\spatial analysis\spatial analysis\Debug\link.1232.read.1.tlog
C:\Users\HCHO\Desktop\VS2012\实习作业\MapSystem\spatial analysis\spatial analysis\Debug\link.1232.write.1.tlog
C:\Users\HCHO\Desktop\VS2012\实习作业\MapSystem\spatial analysis\spatial analysis\Debug\link.14216-cvtres.read.1.tlog
C:\Users\HCHO\Desktop\VS2012\实习作业\MapSystem\spatial analysis\spatial analysis\Debug\link.14216-cvtres.write.1.tlog
C:\Users\HCHO\Desktop\VS2012\实习作业\MapSystem\spatial analysis\spatial analysis\Debug\link.14216-mt.read.1.tlog
C:\Users\HCHO\Desktop\VS2012\实习作业\MapSystem\spatial analysis\spatial analysis\Debug\link.14216-mt.write.1.tlog
C:\Users\HCHO\Desktop\VS2012\实习作业\MapSystem\spatial analysis\spatial analysis\Debug\link.14216-rc.read.1.tlog
C:\Users\HCHO\Desktop\VS2012\实习作业\MapSystem\spatial analysis\spatial analysis\Debug\link.14216-rc.write.1.tlog
C:\Users\HCHO\Desktop\VS2012\实习作业\MapSystem\spatial analysis\spatial analysis\Debug\link.14216.read.1.tlog
C:\Users\HCHO\Desktop\VS2012\实习作业\MapSystem\spatial analysis\spatial analysis\Debug\link.14216.write.1.tlog
C:\Users\HCHO\Desktop\VS2012\实习作业\MapSystem\spatial analysis\spatial analysis\Debug\link.14956-cvtres.read.1.tlog
C:\Users\HCHO\Desktop\VS2012\实习作业\MapSystem\spatial analysis\spatial analysis\Debug\link.14956-cvtres.write.1.tlog
C:\Users\HCHO\Desktop\VS2012\实习作业\MapSystem\spatial analysis\spatial analysis\Debug\link.14956-mt.read.1.tlog
C:\Users\HCHO\Desktop\VS2012\实习作业\MapSystem\spatial analysis\spatial analysis\Debug\link.14956-mt.write.1.tlog
C:\Users\HCHO\Desktop\VS2012\实习作业\MapSystem\spatial analysis\spatial analysis\Debug\link.14956-rc.read.1.tlog
C:\Users\HCHO\Desktop\VS2012\实习作业\MapSystem\spatial analysis\spatial analysis\Debug\link.14956-rc.write.1.tlog
C:\Users\HCHO\Desktop\VS2012\实习作业\MapSystem\spatial analysis\spatial analysis\Debug\link.14956.read.1.tlog
C:\Users\HCHO\Desktop\VS2012\实习作业\MapSystem\spatial analysis\spatial analysis\Debug\link.14956.write.1.tlog
C:\Users\HCHO\Desktop\VS2012\实习作业\MapSystem\spatial analysis\spatial analysis\Debug\link.212-cvtres.read.1.tlog
C:\Users\HCHO\Desktop\VS2012\实习作业\MapSystem\spatial analysis\spatial analysis\Debug\link.212-cvtres.write.1.tlog
C:\Users\HCHO\Desktop\VS2012\实习作业\MapSystem\spatial analysis\spatial analysis\Debug\link.212-mt.read.1.tlog
C:\Users\HCHO\Desktop\VS2012\实习作业\MapSystem\spatial analysis\spatial analysis\Debug\link.212-mt.write.1.tlog
C:\Users\HCHO\Desktop\VS2012\实习作业\MapSystem\spatial analysis\spatial analysis\Debug\link.212-rc.read.1.tlog
C:\Users\HCHO\Desktop\VS2012\实习作业\MapSystem\spatial analysis\spatial analysis\Debug\link.212-rc.write.1.tlog
C:\Users\HCHO\Desktop\VS2012\实习作业\MapSystem\spatial analysis\spatial analysis\Debug\link.212.read.1.tlog
C:\Users\HCHO\Desktop\VS2012\实习作业\MapSystem\spatial analysis\spatial analysis\Debug\link.212.write.1.tlog
C:\Users\HCHO\Desktop\VS2012\实习作业\MapSystem\spatial analysis\spatial analysis\Debug\link.5744-cvtres.read.1.tlog
C:\Users\HCHO\Desktop\VS2012\实习作业\MapSystem\spatial analysis\spatial analysis\Debug\link.5744-cvtres.write.1.tlog
C:\Users\HCHO\Desktop\VS2012\实习作业\MapSystem\spatial analysis\spatial analysis\Debug\link.5744-mt.read.1.tlog
C:\Users\HCHO\Desktop\VS2012\实习作业\MapSystem\spatial analysis\spatial analysis\Debug\link.5744-mt.write.1.tlog
C:\Users\HCHO\Desktop\VS2012\实习作业\MapSystem\spatial analysis\spatial analysis\Debug\link.5744-rc.read.1.tlog
C:\Users\HCHO\Desktop\VS2012\实习作业\MapSystem\spatial analysis\spatial analysis\Debug\link.5744-rc.write.1.tlog
C:\Users\HCHO\Desktop\VS2012\实习作业\MapSystem\spatial analysis\spatial analysis\Debug\link.5744.read.1.tlog
C:\Users\HCHO\Desktop\VS2012\实习作业\MapSystem\spatial analysis\spatial analysis\Debug\link.5744.write.1.tlog
C:\Users\HCHO\Desktop\VS2012\实习作业\MapSystem\spatial analysis\spatial analysis\Debug\link.7464-cvtres.read.1.tlog
C:\Users\HCHO\Desktop\VS2012\实习作业\MapSystem\spatial analysis\spatial analysis\Debug\link.7464-cvtres.write.1.tlog
C:\Users\HCHO\Desktop\VS2012\实习作业\MapSystem\spatial analysis\spatial analysis\Debug\link.7464-mt.read.1.tlog
C:\Users\HCHO\Desktop\VS2012\实习作业\MapSystem\spatial analysis\spatial analysis\Debug\link.7464-mt.write.1.tlog
C:\Users\HCHO\Desktop\VS2012\实习作业\MapSystem\spatial analysis\spatial analysis\Debug\link.7464-rc.read.1.tlog
C:\Users\HCHO\Desktop\VS2012\实习作业\MapSystem\spatial analysis\spatial analysis\Debug\link.7464-rc.write.1.tlog
C:\Users\HCHO\Desktop\VS2012\实习作业\MapSystem\spatial analysis\spatial analysis\Debug\link.7464.read.1.tlog
C:\Users\HCHO\Desktop\VS2012\实习作业\MapSystem\spatial analysis\spatial analysis\Debug\link.7464.write.1.tlog
C:\Users\HCHO\Desktop\VS2012\实习作业\MapSystem\spatial analysis\spatial analysis\Debug\link.8276-cvtres.read.1.tlog
C:\Users\HCHO\Desktop\VS2012\实习作业\MapSystem\spatial analysis\spatial analysis\Debug\link.8276-cvtres.write.1.tlog
C:\Users\HCHO\Desktop\VS2012\实习作业\MapSystem\spatial analysis\spatial analysis\Debug\link.8276-mt.read.1.tlog
C:\Users\HCHO\Desktop\VS2012\实习作业\MapSystem\spatial analysis\spatial analysis\Debug\link.8276-mt.write.1.tlog
C:\Users\HCHO\Desktop\VS2012\实习作业\MapSystem\spatial analysis\spatial analysis\Debug\link.8276-rc.read.1.tlog
C:\Users\HCHO\Desktop\VS2012\实习作业\MapSystem\spatial analysis\spatial analysis\Debug\link.8276-rc.write.1.tlog
C:\Users\HCHO\Desktop\VS2012\实习作业\MapSystem\spatial analysis\spatial analysis\Debug\link.8276.read.1.tlog
C:\Users\HCHO\Desktop\VS2012\实习作业\MapSystem\spatial analysis\spatial analysis\Debug\link.8276.write.1.tlog
C:\Users\HCHO\Desktop\VS2012\实习作业\MapSystem\spatial analysis\spatial analysis\Debug\link.command.1.tlog
C:\Users\HCHO\Desktop\VS2012\实习作业\MapSystem\spatial analysis\spatial analysis\Debug\link.read.1.tlog
C:\Users\HCHO\Desktop\VS2012\实习作业\MapSystem\spatial analysis\spatial analysis\Debug\link.write.1.tlog
C:\Users\HCHO\Desktop\VS2012\实习作业\MapSystem\spatial analysis\spatial analysis\Debug\rc.command.1.tlog
C:\Users\HCHO\Desktop\VS2012\实习作业\MapSystem\spatial analysis\spatial analysis\Debug\rc.read.1.tlog
C:\Users\HCHO\Desktop\VS2012\实习作业\MapSystem\spatial analysis\spatial analysis\Debug\rc.write.1.tlog
C:\Users\HCHO\Desktop\VS2012\实习作业\MapSystem\spatial analysis\spatial analysis\Debug\spatial analysis.res
C:\Users\HCHO\Desktop\VS2012\实习作业\MapSystem\spatial analysis\spatial analysis\Debug\spatial analysis.pch
C:\Users\HCHO\Desktop\VS2012\实习作业\MapSystem\spatial analysis\spatial analysis\Debug\vc110.idb
C:\Users\HCHO\Desktop\VS2012\实习作业\MapSystem\spatial analysis\spatial analysis\Debug\vc110.pdb
C:\Users\HCHO\Desktop\VS2012\实习作业\MapSystem\spatial analysis\Debug\spatial analysis.pdb
C:\Users\HCHO\Desktop\VS2012\实习作业\MapSystem\spatial analysis\Debug\spatial analysis.exe
C:\Users\HCHO\Desktop\VS2012\实习作业\MapSystem\spatial analysis\Debug\spatial analysis.ilk
